{"C:\\PROJECTS\\frontend-project-46\\src\\compare.js": {"path":"C:\\PROJECTS\\frontend-project-46\\src\\compare.js","statementMap":{"0":{"start":{"line":3,"column":16},"end":{"line":23,"column":1}},"1":{"start":{"line":4,"column":18},"end":{"line":4,"column":38}},"2":{"start":{"line":5,"column":15},"end":{"line":5,"column":17}},"3":{"start":{"line":7,"column":15},"end":{"line":7,"column":44}},"4":{"start":{"line":9,"column":2},"end":{"line":20,"column":3}},"5":{"start":{"line":10,"column":4},"end":{"line":19,"column":5}},"6":{"start":{"line":11,"column":6},"end":{"line":11,"column":45}},"7":{"start":{"line":12,"column":11},"end":{"line":19,"column":5}},"8":{"start":{"line":13,"column":6},"end":{"line":13,"column":45}},"9":{"start":{"line":14,"column":11},"end":{"line":19,"column":5}},"10":{"start":{"line":15,"column":6},"end":{"line":15,"column":45}},"11":{"start":{"line":17,"column":6},"end":{"line":17,"column":45}},"12":{"start":{"line":18,"column":6},"end":{"line":18,"column":45}},"13":{"start":{"line":22,"column":2},"end":{"line":22,"column":25}}},"fnMap":{"0":{"name":"(anonymous_0)","decl":{"start":{"line":3,"column":16},"end":{"line":3,"column":17}},"loc":{"start":{"line":3,"column":32},"end":{"line":23,"column":1}},"line":3}},"branchMap":{"0":{"loc":{"start":{"line":10,"column":4},"end":{"line":19,"column":5}},"type":"if","locations":[{"start":{"line":10,"column":4},"end":{"line":19,"column":5}},{"start":{"line":12,"column":11},"end":{"line":19,"column":5}}],"line":10},"1":{"loc":{"start":{"line":10,"column":8},"end":{"line":10,"column":45}},"type":"binary-expr","locations":[{"start":{"line":10,"column":8},"end":{"line":10,"column":25}},{"start":{"line":10,"column":29},"end":{"line":10,"column":45}}],"line":10},"2":{"loc":{"start":{"line":12,"column":11},"end":{"line":19,"column":5}},"type":"if","locations":[{"start":{"line":12,"column":11},"end":{"line":19,"column":5}},{"start":{"line":14,"column":11},"end":{"line":19,"column":5}}],"line":12},"3":{"loc":{"start":{"line":12,"column":15},"end":{"line":12,"column":52}},"type":"binary-expr","locations":[{"start":{"line":12,"column":15},"end":{"line":12,"column":31}},{"start":{"line":12,"column":35},"end":{"line":12,"column":52}}],"line":12},"4":{"loc":{"start":{"line":14,"column":11},"end":{"line":19,"column":5}},"type":"if","locations":[{"start":{"line":14,"column":11},"end":{"line":19,"column":5}},{"start":{"line":16,"column":11},"end":{"line":19,"column":5}}],"line":14}},"s":{"0":1,"1":6,"2":6,"3":6,"4":6,"5":30,"6":6,"7":24,"8":12,"9":12,"10":6,"11":6,"12":6,"13":6},"f":{"0":6},"b":{"0":[6,24],"1":[30,6],"2":[12,12],"3":[24,24],"4":[6,6]},"_coverageSchema":"1a1c01bbd47fc00a2c39e90264f33305004495a9","hash":"884b34452c2761e4d3bcbe40f1826f6a2b758353"}
,"C:\\PROJECTS\\frontend-project-46\\src\\index.js": {"path":"C:\\PROJECTS\\frontend-project-46\\src\\index.js","statementMap":{"0":{"start":{"line":8,"column":16},"end":{"line":8,"column":54}},"1":{"start":{"line":8,"column":30},"end":{"line":8,"column":54}},"2":{"start":{"line":9,"column":17},"end":{"line":9,"column":71}},"3":{"start":{"line":9,"column":31},"end":{"line":9,"column":71}},"4":{"start":{"line":10,"column":21},"end":{"line":10,"column":52}},"5":{"start":{"line":10,"column":35},"end":{"line":10,"column":52}},"6":{"start":{"line":12,"column":16},"end":{"line":22,"column":1}},"7":{"start":{"line":13,"column":15},"end":{"line":13,"column":66}},"8":{"start":{"line":14,"column":15},"end":{"line":14,"column":66}},"9":{"start":{"line":19,"column":17},"end":{"line":19,"column":36}},"10":{"start":{"line":21,"column":2},"end":{"line":21,"column":16}}},"fnMap":{"0":{"name":"(anonymous_0)","decl":{"start":{"line":8,"column":16},"end":{"line":8,"column":17}},"loc":{"start":{"line":8,"column":30},"end":{"line":8,"column":54}},"line":8},"1":{"name":"(anonymous_1)","decl":{"start":{"line":9,"column":17},"end":{"line":9,"column":18}},"loc":{"start":{"line":9,"column":31},"end":{"line":9,"column":71}},"line":9},"2":{"name":"(anonymous_2)","decl":{"start":{"line":10,"column":21},"end":{"line":10,"column":22}},"loc":{"start":{"line":10,"column":35},"end":{"line":10,"column":52}},"line":10},"3":{"name":"(anonymous_3)","decl":{"start":{"line":12,"column":16},"end":{"line":12,"column":17}},"loc":{"start":{"line":12,"column":42},"end":{"line":22,"column":1}},"line":12}},"branchMap":{},"s":{"0":1,"1":12,"2":1,"3":12,"4":1,"5":12,"6":1,"7":6,"8":6,"9":6,"10":6},"f":{"0":12,"1":12,"2":12,"3":6},"b":{},"_coverageSchema":"1a1c01bbd47fc00a2c39e90264f33305004495a9","hash":"f4301b965dcad06c1450c15bcf6e6a1d5224d5c3"}
,"C:\\PROJECTS\\frontend-project-46\\src\\parsers.js": {"path":"C:\\PROJECTS\\frontend-project-46\\src\\parsers.js","statementMap":{"0":{"start":{"line":4,"column":14},"end":{"line":18,"column":1}},"1":{"start":{"line":5,"column":2},"end":{"line":17,"column":3}},"2":{"start":{"line":7,"column":6},"end":{"line":7,"column":30}},"3":{"start":{"line":10,"column":6},"end":{"line":10,"column":29}},"4":{"start":{"line":13,"column":6},"end":{"line":13,"column":29}},"5":{"start":{"line":16,"column":6},"end":{"line":16,"column":54}}},"fnMap":{"0":{"name":"(anonymous_0)","decl":{"start":{"line":4,"column":14},"end":{"line":4,"column":15}},"loc":{"start":{"line":4,"column":35},"end":{"line":18,"column":1}},"line":4}},"branchMap":{"0":{"loc":{"start":{"line":5,"column":2},"end":{"line":17,"column":3}},"type":"switch","locations":[{"start":{"line":6,"column":4},"end":{"line":7,"column":30}},{"start":{"line":9,"column":4},"end":{"line":10,"column":29}},{"start":{"line":12,"column":4},"end":{"line":13,"column":29}},{"start":{"line":15,"column":4},"end":{"line":16,"column":54}}],"line":5}},"s":{"0":2,"1":13,"2":7,"3":3,"4":2,"5":1},"f":{"0":13},"b":{"0":[7,3,2,1]},"_coverageSchema":"1a1c01bbd47fc00a2c39e90264f33305004495a9","hash":"b7b131df3ff30da0ccc410ef8940dfdd8ffad31c"}
}
