TN:
SF:src\compare.js
FN:3,(anonymous_0)
FNF:1
FNH:1
FNDA:6,(anonymous_0)
DA:3,1
DA:4,6
DA:5,6
DA:7,6
DA:9,6
DA:10,30
DA:11,6
DA:12,24
DA:13,12
DA:14,12
DA:15,6
DA:17,6
DA:18,6
DA:22,6
LF:14
LH:14
BRDA:10,0,0,6
BRDA:10,0,1,24
BRDA:10,1,0,30
BRDA:10,1,1,6
BRDA:12,2,0,12
BRDA:12,2,1,12
BRDA:12,3,0,24
BRDA:12,3,1,24
BRDA:14,4,0,6
BRDA:14,4,1,6
BRF:10
BRH:10
end_of_record
TN:
SF:src\index.js
FN:8,(anonymous_0)
FN:9,(anonymous_1)
FN:10,(anonymous_2)
FN:12,(anonymous_3)
FNF:4
FNH:4
FNDA:12,(anonymous_0)
FNDA:12,(anonymous_1)
FNDA:12,(anonymous_2)
FNDA:6,(anonymous_3)
DA:8,12
DA:9,12
DA:10,12
DA:12,1
DA:13,6
DA:14,6
DA:19,6
DA:21,6
LF:8
LH:8
BRF:0
BRH:0
end_of_record
TN:
SF:src\parsers.js
FN:4,(anonymous_0)
FNF:1
FNH:1
FNDA:13,(anonymous_0)
DA:4,2
DA:5,13
DA:7,7
DA:10,3
DA:13,2
DA:16,1
LF:6
LH:6
BRDA:5,0,0,7
BRDA:5,0,1,3
BRDA:5,0,2,2
BRDA:5,0,3,1
BRF:4
BRH:4
end_of_record
